{"level":"info","message":"menu_Load","timestamp":"2023-05-07T04:36:35.374Z"}
{"level":"info","message":"menu_error","timestamp":"2023-05-07T04:36:35.385Z"}
{"level":"info","message":"menu_Load","timestamp":"2023-05-07T04:38:41.538Z"}
{"level":"info","message":"menu_error","timestamp":"2023-05-07T04:38:41.549Z"}
{"level":"info","message":"menu_Load","timestamp":"2023-05-07T04:41:41.490Z"}
{"level":"info","message":"menu_error","timestamp":"2023-05-07T04:41:41.501Z"}
{"level":"info","message":"menu_Load","timestamp":"2023-05-07T04:42:31.755Z"}
{"level":"info","message":"menu_Load","timestamp":"2023-05-07T04:42:31.982Z"}
{"level":"info","message":"menu_Load","timestamp":"2023-05-07T04:43:12.453Z"}
{"level":"info","message":"menu_Load","timestamp":"2023-05-07T04:43:12.685Z"}
{"level":"info","message":"menuStart","timestamp":"2023-05-07T07:25:44.000Z"}
{"level":"info","message":"menu_Load","timestamp":"2023-05-07T07:25:44.224Z"}
{"level":"info","message":"menuStart","timestamp":"2023-05-07T07:25:44.234Z"}
{"level":"info","message":"menu_Load","timestamp":"2023-05-07T07:25:44.451Z"}
{"level":"info","message":"menuStart","timestamp":"2023-05-07T07:25:46.098Z"}
{"level":"info","message":"menu_Load","timestamp":"2023-05-07T07:25:46.316Z"}
{"level":"info","message":"menuStart","timestamp":"2023-05-07T07:25:46.335Z"}
{"level":"info","message":"menu_Load","timestamp":"2023-05-07T07:25:46.565Z"}
{"level":"info","message":"menuStart","timestamp":"2023-05-07T07:25:54.980Z"}
{"level":"info","message":"menu_Load","timestamp":"2023-05-07T07:25:55.201Z"}
{"level":"info","message":"menuStart","timestamp":"2023-05-07T07:25:55.209Z"}
{"level":"info","message":"menu_Load","timestamp":"2023-05-07T07:25:55.422Z"}
{"level":"info","message":"menuStart","timestamp":"2023-05-07T07:25:58.369Z"}
{"level":"info","message":"menu_Load","timestamp":"2023-05-07T07:25:58.590Z"}
{"level":"info","message":"menuStart","timestamp":"2023-05-07T07:25:58.597Z"}
{"level":"info","message":"menu_Load","timestamp":"2023-05-07T07:25:58.809Z"}
{"level":"info","message":"menuStart","timestamp":"2023-05-07T07:26:33.296Z"}
{"level":"info","message":"menu_Load","timestamp":"2023-05-07T07:26:33.503Z"}
{"level":"info","message":"menuStart","timestamp":"2023-05-07T07:26:33.512Z"}
{"level":"info","message":"menu_Load","timestamp":"2023-05-07T07:26:33.723Z"}
{"level":"info","message":"menuStart","timestamp":"2023-05-07T07:26:59.624Z"}
{"level":"info","message":"menu_Load","timestamp":"2023-05-07T07:26:59.844Z"}
{"level":"info","message":"menuStart","timestamp":"2023-05-07T07:26:59.852Z"}
{"level":"info","message":"menu_Load","timestamp":"2023-05-07T07:27:00.087Z"}
{"level":"info","message":"menuStart","timestamp":"2023-05-07T07:28:00.309Z"}
{"level":"info","message":"clientLoad","timestamp":"2023-05-07T07:28:00.489Z"}
{"level":"info","message":"dbLoad","timestamp":"2023-05-07T07:28:00.491Z"}
{"level":"info","message":"colLoad","timestamp":"2023-05-07T07:28:00.491Z"}
{"level":"info","message":"menuQuery","timestamp":"2023-05-07T07:28:00.521Z"}
{"level":"info","message":"menu_Load","timestamp":"2023-05-07T07:28:00.521Z"}
{"level":"info","message":"menuStart","timestamp":"2023-05-07T07:28:00.531Z"}
{"level":"info","message":"clientLoad","timestamp":"2023-05-07T07:28:00.709Z"}
{"level":"info","message":"dbLoad","timestamp":"2023-05-07T07:28:00.710Z"}
{"level":"info","message":"colLoad","timestamp":"2023-05-07T07:28:00.710Z"}
{"level":"info","message":"menuQuery","timestamp":"2023-05-07T07:28:00.740Z"}
{"level":"info","message":"menu_Load","timestamp":"2023-05-07T07:28:00.741Z"}
{"level":"info","message":"menuStart","timestamp":"2023-05-07T07:39:20.154Z"}
{"level":"info","message":"clientLoad","timestamp":"2023-05-07T07:39:20.344Z"}
{"level":"info","message":"dbLoad","timestamp":"2023-05-07T07:39:20.345Z"}
{"level":"info","message":"colLoad","timestamp":"2023-05-07T07:39:20.345Z"}
{"level":"info","message":"menuQuery","timestamp":"2023-05-07T07:39:20.382Z"}
{"level":"info","message":"menu_Load","timestamp":"2023-05-07T07:39:20.383Z"}
{"level":"info","message":"menuStart","timestamp":"2023-05-07T07:39:20.401Z"}
{"level":"info","message":"clientLoad","timestamp":"2023-05-07T07:39:20.584Z"}
{"level":"info","message":"dbLoad","timestamp":"2023-05-07T07:39:20.585Z"}
{"level":"info","message":"colLoad","timestamp":"2023-05-07T07:39:20.585Z"}
{"level":"info","message":"menuQuery","timestamp":"2023-05-07T07:39:20.615Z"}
{"level":"info","message":"menu_Load","timestamp":"2023-05-07T07:39:20.616Z"}
{"level":"info","message":"menu_error","timestamp":"2023-05-07T07:53:35.095Z"}
{"level":"info","message":"menu_error","timestamp":"2023-05-07T07:53:35.283Z"}
{"level":"info","message":"menu_error","timestamp":"2023-05-07T07:55:21.339Z"}
{"level":"info","message":"menu_error","timestamp":"2023-05-07T07:55:21.533Z"}
{"level":"info","message":"menu_error","timestamp":"2023-05-07T07:56:34.188Z"}
{"level":"info","message":"menu_error","timestamp":"2023-05-07T07:56:34.436Z"}
{"level":"info","message":"menu_error","timestamp":"2023-05-07T07:56:51.745Z"}
{"level":"info","message":"menu_error","timestamp":"2023-05-07T07:56:51.972Z"}
{"level":"info","message":"menu_error","timestamp":"2023-05-07T07:57:04.385Z"}
{"level":"info","message":"menu_error","timestamp":"2023-05-07T07:57:04.624Z"}
{"level":"info","message":"menu_error","timestamp":"2023-05-07T07:57:26.136Z"}
{"level":"info","message":"menu_error","timestamp":"2023-05-07T07:57:26.356Z"}
{"level":"info","message":"menu_error","timestamp":"2023-05-07T07:58:43.574Z"}
{"level":"info","message":"menu_error","timestamp":"2023-05-07T07:58:43.813Z"}
{"level":"info","message":"menu_error","timestamp":"2023-05-07T08:01:06.489Z"}
{"level":"info","message":"menu_error","timestamp":"2023-05-07T08:01:06.719Z"}
{"level":"info","message":"menu_error","timestamp":"2023-05-07T08:01:55.832Z"}
{"level":"info","message":"menu_error","timestamp":"2023-05-07T08:01:57.466Z"}
{"level":"info","message":"menu_error","timestamp":"2023-05-07T08:01:57.691Z"}
{"level":"info","message":"menu_error","timestamp":"2023-05-07T08:02:01.611Z"}
{"level":"info","message":"menu_error","timestamp":"2023-05-07T08:02:02.786Z"}
{"level":"info","message":"menu_error","timestamp":"2023-05-07T08:02:03.013Z"}
{"level":"info","message":"menu_error","timestamp":"2023-05-07T08:09:50.610Z"}
{"level":"info","message":"menu_error","timestamp":"2023-05-07T08:09:50.818Z"}
{"level":"info","message":"menu_error","timestamp":"2023-05-07T08:09:55.079Z"}
{"level":"info","message":"menu_error","timestamp":"2023-05-07T08:09:55.287Z"}
